<?xml version="1.0" encoding="UTF-8"?>
<!-- Generated by org.testng.reporters.JUnitReportReporter -->
<testsuite skipped="0" hostname="DESKTOP-NPTJ03E" name="com.gigaberlin.tests.GigaBerlinTests" tests="1" failures="0" timestamp="2020-11-01T22:41:21 CET" time="20.858" errors="0">
  <testcase name="gigaBerlinLocationTest" time="20.858" classname="com.gigaberlin.tests.GigaBerlinTests"/>
  <system-out/>
</testsuite> <!-- com.gigaberlin.tests.GigaBerlinTests -->
