<?xml version="1.0" encoding="UTF-8"?>
<!-- Generated by org.testng.reporters.JUnitReportReporter -->
<testsuite skipped="0" hostname="DESKTOP-NPTJ03E" name="com.gigaberlin.tests.GigaBerlinTests" tests="1" failures="0" timestamp="2020-10-29T23:36:23 CET" time="25.589" errors="0">
  <testcase name="loginPageTitleTest" time="25.589" classname="com.gigaberlin.tests.GigaBerlinTests"/>
  <system-out/>
</testsuite> <!-- com.gigaberlin.tests.GigaBerlinTests -->
