<?xml version="1.0" encoding="UTF-8"?>
<!-- Generated by org.testng.reporters.JUnitReportReporter -->
<testsuite skipped="0" hostname="DESKTOP-NPTJ03E" name="com.gigafactory.tests.GigaFactoryTests" tests="1" failures="0" timestamp="2020-10-29T08:53:54 CET" time="14.048" errors="0">
  <testcase name="loginPageTitleTest" time="14.048" classname="com.gigafactory.tests.GigaFactoryTests"/>
  <system-out/>
</testsuite> <!-- com.gigafactory.tests.GigaFactoryTests -->
